{"/Users/ptte/Projects/bl/node-rabbit-wrapper/index.js":{"path":"/Users/ptte/Projects/bl/node-rabbit-wrapper/index.js","s":{"1":1,"2":1,"3":1,"4":1,"5":1,"6":2,"7":2,"8":2,"9":2,"10":2,"11":1,"12":1},"b":{},"f":{"1":1,"2":2,"3":2,"4":2,"5":1},"fnMap":{"1":{"name":"(anonymous_1)","line":13,"loc":{"start":{"line":13,"column":13},"end":{"line":13,"column":31}}},"2":{"name":"(anonymous_2)","line":30,"loc":{"start":{"line":30,"column":22},"end":{"line":30,"column":57}}},"3":{"name":"(anonymous_3)","line":34,"loc":{"start":{"line":34,"column":23},"end":{"line":34,"column":39}}},"4":{"name":"(anonymous_4)","line":39,"loc":{"start":{"line":39,"column":17},"end":{"line":39,"column":31}}},"5":{"name":"(anonymous_5)","line":46,"loc":{"start":{"line":46,"column":17},"end":{"line":46,"column":35}}}},"statementMap":{"1":{"start":{"line":2,"column":0},"end":{"line":2,"column":13}},"2":{"start":{"line":11,"column":0},"end":{"line":11,"column":30}},"3":{"start":{"line":13,"column":0},"end":{"line":30,"column":0}},"4":{"start":{"line":14,"column":2},"end":{"line":14,"column":46}},"5":{"start":{"line":30,"column":0},"end":{"line":44,"column":2}},"6":{"start":{"line":31,"column":2},"end":{"line":31,"column":18}},"7":{"start":{"line":34,"column":2},"end":{"line":43,"column":5}},"8":{"start":{"line":36,"column":4},"end":{"line":36,"column":39}},"9":{"start":{"line":39,"column":4},"end":{"line":41,"column":7}},"10":{"start":{"line":40,"column":6},"end":{"line":40,"column":26}},"11":{"start":{"line":46,"column":0},"end":{"line":48,"column":2}},"12":{"start":{"line":47,"column":2},"end":{"line":47,"column":28}}},"branchMap":{}}}